0 verbose cli /usr/local/bin/node /usr/local/bin/npm
1 info using npm@9.6.4
2 info using node@v20.0.0
3 timing npm:load:whichnode Completed in 4ms
4 timing config:load:defaults Completed in 5ms
5 timing config:load:file:/usr/local/lib/node_modules/npm/npmrc Completed in 0ms
6 timing config:load:builtin Completed in 0ms
7 timing config:load:cli Completed in 2ms
8 timing config:load:env Completed in 0ms
9 timing config:load:project Completed in 0ms
10 timing config:load:file:/home/node/.npmrc Completed in 0ms
11 timing config:load:user Completed in 0ms
12 timing config:load:file:/usr/local/etc/npmrc Completed in 0ms
13 timing config:load:global Completed in 0ms
14 timing config:load:setEnvs Completed in 0ms
15 timing config:load Completed in 8ms
16 timing npm:load:configload Completed in 8ms
17 timing npm:load:mkdirpcache Completed in 1ms
18 timing npm:load:mkdirplogs Completed in 0ms
19 verbose title npm install
20 verbose argv "install"
21 timing npm:load:setTitle Completed in 1ms
22 timing config:load:flatten Completed in 2ms
23 timing npm:load:display Completed in 2ms
24 verbose logfile logs-max:10 dir:/home/node/.npm/_logs/2024-05-30T22_50_48_229Z-
25 verbose logfile /home/node/.npm/_logs/2024-05-30T22_50_48_229Z-debug-0.log
26 timing npm:load:logFile Completed in 8ms
27 timing npm:load:timers Completed in 0ms
28 timing npm:load:configScope Completed in 0ms
29 timing npm:load Completed in 25ms
30 timing arborist:ctor Completed in 0ms
31 silly logfile done cleaning log files
32 timing idealTree:init Completed in 56ms
33 timing idealTree:userRequests Completed in 0ms
34 silly idealTree buildDeps
35 timing idealTree:#root Completed in 0ms
36 timing idealTree:buildDeps Completed in 1ms
37 timing idealTree:fixDepFlags Completed in 0ms
38 timing idealTree Completed in 61ms
39 timing arborist:ctor Completed in 0ms
40 timing reify:loadTrees Completed in 116ms
41 timing reify:diffTrees Completed in 3ms
42 silly reify moves {}
43 timing reify:retireShallow Completed in 2ms
44 timing reify:createSparse Completed in 0ms
45 timing reify:loadBundles Completed in 0ms
46 silly audit bulk request {
46 silly audit   accepts: [ '1.3.8' ],
46 silly audit   'array-flatten': [ '1.1.1' ],
46 silly audit   'body-parser': [ '1.20.2' ],
46 silly audit   bytes: [ '3.1.2' ],
46 silly audit   'call-bind': [ '1.0.7' ],
46 silly audit   'content-disposition': [ '0.5.4' ],
46 silly audit   'content-type': [ '1.0.5' ],
46 silly audit   cookie: [ '0.6.0' ],
46 silly audit   'cookie-signature': [ '1.0.6' ],
46 silly audit   debug: [ '2.6.9' ],
46 silly audit   'define-data-property': [ '1.1.4' ],
46 silly audit   depd: [ '2.0.0' ],
46 silly audit   destroy: [ '1.2.0' ],
46 silly audit   'ee-first': [ '1.1.1' ],
46 silly audit   encodeurl: [ '1.0.2' ],
46 silly audit   'es-define-property': [ '1.0.0' ],
46 silly audit   'es-errors': [ '1.3.0' ],
46 silly audit   'escape-html': [ '1.0.3' ],
46 silly audit   etag: [ '1.8.1' ],
46 silly audit   express: [ '4.19.2' ],
46 silly audit   finalhandler: [ '1.2.0' ],
46 silly audit   forwarded: [ '0.2.0' ],
46 silly audit   fresh: [ '0.5.2' ],
46 silly audit   'function-bind': [ '1.1.2' ],
46 silly audit   'get-intrinsic': [ '1.2.4' ],
46 silly audit   gopd: [ '1.0.1' ],
46 silly audit   'has-property-descriptors': [ '1.0.2' ],
46 silly audit   'has-proto': [ '1.0.3' ],
46 silly audit   'has-symbols': [ '1.0.3' ],
46 silly audit   hasown: [ '2.0.2' ],
46 silly audit   'http-errors': [ '2.0.0' ],
46 silly audit   'iconv-lite': [ '0.4.24' ],
46 silly audit   inherits: [ '2.0.4' ],
46 silly audit   'ipaddr.js': [ '1.9.1' ],
46 silly audit   'media-typer': [ '0.3.0' ],
46 silly audit   'merge-descriptors': [ '1.0.1' ],
46 silly audit   methods: [ '1.1.2' ],
46 silly audit   mime: [ '1.6.0' ],
46 silly audit   'mime-db': [ '1.52.0' ],
46 silly audit   'mime-types': [ '2.1.35' ],
46 silly audit   ms: [ '2.0.0', '2.1.3' ],
46 silly audit   negotiator: [ '0.6.3' ],
46 silly audit   'object-inspect': [ '1.13.1' ],
46 silly audit   'on-finished': [ '2.4.1' ],
46 silly audit   parseurl: [ '1.3.3' ],
46 silly audit   'path-to-regexp': [ '0.1.7' ],
46 silly audit   pg: [ '8.11.5' ],
46 silly audit   'pg-cloudflare': [ '1.1.1' ],
46 silly audit   'pg-connection-string': [ '2.6.4' ],
46 silly audit   'pg-int8': [ '1.0.1' ],
46 silly audit   'pg-pool': [ '3.6.2' ],
46 silly audit   'pg-protocol': [ '1.6.1' ],
46 silly audit   'pg-types': [ '2.2.0' ],
46 silly audit   pgpass: [ '1.0.5' ],
46 silly audit   'postgres-array': [ '2.0.0' ],
46 silly audit   'postgres-bytea': [ '1.0.0' ],
46 silly audit   'postgres-date': [ '1.0.7' ],
46 silly audit   'postgres-interval': [ '1.2.0' ],
46 silly audit   'proxy-addr': [ '2.0.7' ],
46 silly audit   qs: [ '6.11.0' ],
46 silly audit   'range-parser': [ '1.2.1' ],
46 silly audit   'raw-body': [ '2.5.2' ],
46 silly audit   'safe-buffer': [ '5.2.1' ],
46 silly audit   'safer-buffer': [ '2.1.2' ],
46 silly audit   send: [ '0.18.0' ],
46 silly audit   'serve-static': [ '1.15.0' ],
46 silly audit   'set-function-length': [ '1.2.2' ],
46 silly audit   setprototypeof: [ '1.2.0' ],
46 silly audit   'side-channel': [ '1.0.6' ],
46 silly audit   split2: [ '4.2.0' ],
46 silly audit   statuses: [ '2.0.1' ],
46 silly audit   toidentifier: [ '1.0.1' ],
46 silly audit   'type-is': [ '1.6.18' ],
46 silly audit   unpipe: [ '1.0.0' ],
46 silly audit   'utils-merge': [ '1.0.1' ],
46 silly audit   vary: [ '1.1.2' ],
46 silly audit   xtend: [ '4.0.2' ]
46 silly audit }
47 timing reify:unpack Completed in 2ms
48 timing reify:unretire Completed in 0ms
49 timing build:queue Completed in 0ms
50 timing build:deps Completed in 1ms
51 timing build Completed in 1ms
52 timing reify:build Completed in 1ms
53 timing reify:trash Completed in 0ms
54 timing reify:save Completed in 16ms
55 http fetch POST 200 https://registry.npmjs.org/-/npm/v1/security/advisories/bulk 268ms
56 timing auditReport:getReport Completed in 272ms
57 silly audit report {}
58 timing auditReport:init Completed in 0ms
59 timing reify:audit Completed in 274ms
60 timing reify Completed in 400ms
61 timing command:install Completed in 413ms
62 verbose exit 0
63 timing npm Completed in 447ms
64 info ok
