0 verbose cli /usr/local/bin/node /usr/local/bin/npm
1 info using npm@9.6.4
2 info using node@v20.0.0
3 timing npm:load:whichnode Completed in 2ms
4 timing config:load:defaults Completed in 3ms
5 timing config:load:file:/usr/local/lib/node_modules/npm/npmrc Completed in 1ms
6 timing config:load:builtin Completed in 1ms
7 timing config:load:cli Completed in 1ms
8 timing config:load:env Completed in 0ms
9 timing config:load:project Completed in 1ms
10 timing config:load:file:/home/node/.npmrc Completed in 0ms
11 timing config:load:user Completed in 0ms
12 timing config:load:file:/usr/local/etc/npmrc Completed in 0ms
13 timing config:load:global Completed in 0ms
14 timing config:load:setEnvs Completed in 1ms
15 timing config:load Completed in 7ms
16 timing npm:load:configload Completed in 7ms
17 timing npm:load:mkdirpcache Completed in 0ms
18 timing npm:load:mkdirplogs Completed in 0ms
19 verbose title npm install pg
20 verbose argv "install" "pg"
21 timing npm:load:setTitle Completed in 1ms
22 timing config:load:flatten Completed in 2ms
23 timing npm:load:display Completed in 2ms
24 verbose logfile logs-max:10 dir:/home/node/.npm/_logs/2024-05-30T22_43_56_931Z-
25 verbose logfile /home/node/.npm/_logs/2024-05-30T22_43_56_931Z-debug-0.log
26 timing npm:load:logFile Completed in 8ms
27 timing npm:load:timers Completed in 1ms
28 timing npm:load:configScope Completed in 0ms
29 timing npm:load Completed in 22ms
30 timing arborist:ctor Completed in 0ms
31 silly logfile done cleaning log files
32 timing idealTree:init Completed in 42ms
33 timing idealTree:userRequests Completed in 1ms
34 silly idealTree buildDeps
35 silly fetch manifest pg@*
36 timing arborist:ctor Completed in 0ms
37 http fetch GET 200 https://registry.npmjs.org/pg 163ms (cache miss)
38 silly fetch manifest pg-native@>=3.0.1
39 http fetch GET 200 https://registry.npmjs.org/pg-native 36ms (cache miss)
40 silly placeDep ROOT pg@8.11.5 OK for: server@0.0.0 want: *
41 silly fetch manifest pg-connection-string@^2.6.4
42 silly fetch manifest pg-pool@^3.6.2
43 silly fetch manifest pg-protocol@^1.6.1
44 silly fetch manifest pg-types@^2.1.0
45 silly fetch manifest pgpass@1.x
46 silly fetch manifest pg-cloudflare@^1.1.1
47 http fetch GET 200 https://registry.npmjs.org/pg-connection-string 37ms (cache miss)
48 http fetch GET 200 https://registry.npmjs.org/pgpass 72ms (cache miss)
49 http fetch GET 200 https://registry.npmjs.org/pg-types 78ms (cache miss)
50 http fetch GET 200 https://registry.npmjs.org/pg-cloudflare 79ms (cache miss)
51 http fetch GET 200 https://registry.npmjs.org/pg-pool 81ms (cache miss)
52 http fetch GET 200 https://registry.npmjs.org/pg-protocol 82ms (cache miss)
53 timing idealTree:#root Completed in 290ms
54 silly fetch manifest pg@>=8.0
55 silly placeDep ROOT pg-cloudflare@1.1.1 OK for: pg@8.11.5 want: ^1.1.1
56 silly placeDep ROOT pg-connection-string@2.6.4 OK for: pg@8.11.5 want: ^2.6.4
57 silly placeDep ROOT pg-pool@3.6.2 OK for: pg@8.11.5 want: ^3.6.2
58 silly placeDep ROOT pg-protocol@1.6.1 OK for: pg@8.11.5 want: ^1.6.1
59 silly placeDep ROOT pg-types@2.2.0 OK for: pg@8.11.5 want: ^2.1.0
60 silly placeDep ROOT pgpass@1.0.5 OK for: pg@8.11.5 want: 1.x
61 silly fetch manifest pg-int8@1.0.1
62 silly fetch manifest postgres-array@~2.0.0
63 silly fetch manifest postgres-bytea@~1.0.0
64 silly fetch manifest postgres-date@~1.0.4
65 silly fetch manifest postgres-interval@^1.1.0
66 silly fetch manifest split2@^4.1.0
67 http fetch GET 200 https://registry.npmjs.org/postgres-date 46ms (cache miss)
68 http fetch GET 200 https://registry.npmjs.org/pg-int8 49ms (cache miss)
69 http fetch GET 200 https://registry.npmjs.org/postgres-array 48ms (cache miss)
70 http fetch GET 200 https://registry.npmjs.org/postgres-bytea 49ms (cache miss)
71 http fetch GET 200 https://registry.npmjs.org/postgres-interval 48ms (cache miss)
72 http fetch GET 200 https://registry.npmjs.org/split2 50ms (cache miss)
73 timing idealTree:node_modules/pg Completed in 60ms
74 timing idealTree:node_modules/pg-cloudflare Completed in 0ms
75 timing idealTree:node_modules/pg-connection-string Completed in 0ms
76 timing idealTree:node_modules/pg-pool Completed in 0ms
77 timing idealTree:node_modules/pg-protocol Completed in 0ms
78 silly placeDep ROOT pg-int8@1.0.1 OK for: pg-types@2.2.0 want: 1.0.1
79 silly placeDep ROOT postgres-array@2.0.0 OK for: pg-types@2.2.0 want: ~2.0.0
80 silly placeDep ROOT postgres-bytea@1.0.0 OK for: pg-types@2.2.0 want: ~1.0.0
81 silly placeDep ROOT postgres-date@1.0.7 OK for: pg-types@2.2.0 want: ~1.0.4
82 silly placeDep ROOT postgres-interval@1.2.0 OK for: pg-types@2.2.0 want: ^1.1.0
83 silly fetch manifest xtend@^4.0.0
84 http fetch GET 200 https://registry.npmjs.org/xtend 38ms (cache miss)
85 timing idealTree:node_modules/pg-types Completed in 43ms
86 timing idealTree:node_modules/pg-int8 Completed in 0ms
87 silly placeDep ROOT split2@4.2.0 OK for: pgpass@1.0.5 want: ^4.1.0
88 timing idealTree:node_modules/pgpass Completed in 1ms
89 timing idealTree:node_modules/postgres-array Completed in 0ms
90 timing idealTree:node_modules/postgres-bytea Completed in 0ms
91 timing idealTree:node_modules/postgres-date Completed in 0ms
92 silly placeDep ROOT xtend@4.0.2 OK for: postgres-interval@1.2.0 want: ^4.0.0
93 timing idealTree:node_modules/postgres-interval Completed in 1ms
94 timing idealTree:node_modules/split2 Completed in 0ms
95 timing idealTree:node_modules/xtend Completed in 0ms
96 timing idealTree:buildDeps Completed in 398ms
97 timing idealTree:fixDepFlags Completed in 1ms
98 timing idealTree Completed in 443ms
99 timing reify:loadTrees Completed in 443ms
100 timing reify:diffTrees Completed in 2ms
101 silly reify moves {}
102 timing reify:retireShallow Completed in 1ms
103 timing reify:createSparse Completed in 6ms
104 timing reify:loadBundles Completed in 0ms
105 silly audit bulk request {
105 silly audit   accepts: [ '1.3.8' ],
105 silly audit   'array-flatten': [ '1.1.1' ],
105 silly audit   'body-parser': [ '1.20.2' ],
105 silly audit   bytes: [ '3.1.2' ],
105 silly audit   'call-bind': [ '1.0.7' ],
105 silly audit   'content-disposition': [ '0.5.4' ],
105 silly audit   'content-type': [ '1.0.5' ],
105 silly audit   cookie: [ '0.6.0' ],
105 silly audit   'cookie-signature': [ '1.0.6' ],
105 silly audit   debug: [ '2.6.9' ],
105 silly audit   'define-data-property': [ '1.1.4' ],
105 silly audit   depd: [ '2.0.0' ],
105 silly audit   destroy: [ '1.2.0' ],
105 silly audit   'ee-first': [ '1.1.1' ],
105 silly audit   encodeurl: [ '1.0.2' ],
105 silly audit   'es-define-property': [ '1.0.0' ],
105 silly audit   'es-errors': [ '1.3.0' ],
105 silly audit   'escape-html': [ '1.0.3' ],
105 silly audit   etag: [ '1.8.1' ],
105 silly audit   express: [ '4.19.2' ],
105 silly audit   finalhandler: [ '1.2.0' ],
105 silly audit   forwarded: [ '0.2.0' ],
105 silly audit   fresh: [ '0.5.2' ],
105 silly audit   'function-bind': [ '1.1.2' ],
105 silly audit   'get-intrinsic': [ '1.2.4' ],
105 silly audit   gopd: [ '1.0.1' ],
105 silly audit   'has-property-descriptors': [ '1.0.2' ],
105 silly audit   'has-proto': [ '1.0.3' ],
105 silly audit   'has-symbols': [ '1.0.3' ],
105 silly audit   hasown: [ '2.0.2' ],
105 silly audit   'http-errors': [ '2.0.0' ],
105 silly audit   'iconv-lite': [ '0.4.24' ],
105 silly audit   inherits: [ '2.0.4' ],
105 silly audit   'ipaddr.js': [ '1.9.1' ],
105 silly audit   'media-typer': [ '0.3.0' ],
105 silly audit   'merge-descriptors': [ '1.0.1' ],
105 silly audit   methods: [ '1.1.2' ],
105 silly audit   mime: [ '1.6.0' ],
105 silly audit   'mime-db': [ '1.52.0' ],
105 silly audit   'mime-types': [ '2.1.35' ],
105 silly audit   ms: [ '2.0.0', '2.1.3' ],
105 silly audit   negotiator: [ '0.6.3' ],
105 silly audit   'object-inspect': [ '1.13.1' ],
105 silly audit   'on-finished': [ '2.4.1' ],
105 silly audit   parseurl: [ '1.3.3' ],
105 silly audit   'path-to-regexp': [ '0.1.7' ],
105 silly audit   'proxy-addr': [ '2.0.7' ],
105 silly audit   qs: [ '6.11.0' ],
105 silly audit   'range-parser': [ '1.2.1' ],
105 silly audit   'raw-body': [ '2.5.2' ],
105 silly audit   'safe-buffer': [ '5.2.1' ],
105 silly audit   'safer-buffer': [ '2.1.2' ],
105 silly audit   send: [ '0.18.0' ],
105 silly audit   'serve-static': [ '1.15.0' ],
105 silly audit   'set-function-length': [ '1.2.2' ],
105 silly audit   setprototypeof: [ '1.2.0' ],
105 silly audit   'side-channel': [ '1.0.6' ],
105 silly audit   statuses: [ '2.0.1' ],
105 silly audit   toidentifier: [ '1.0.1' ],
105 silly audit   'type-is': [ '1.6.18' ],
105 silly audit   unpipe: [ '1.0.0' ],
105 silly audit   'utils-merge': [ '1.0.1' ],
105 silly audit   vary: [ '1.1.2' ],
105 silly audit   pg: [ '8.11.5' ],
105 silly audit   'pg-cloudflare': [ '1.1.1' ],
105 silly audit   'pg-connection-string': [ '2.6.4' ],
105 silly audit   'pg-pool': [ '3.6.2' ],
105 silly audit   'pg-protocol': [ '1.6.1' ],
105 silly audit   'pg-types': [ '2.2.0' ],
105 silly audit   pgpass: [ '1.0.5' ],
105 silly audit   'pg-int8': [ '1.0.1' ],
105 silly audit   'postgres-array': [ '2.0.0' ],
105 silly audit   'postgres-bytea': [ '1.0.0' ],
105 silly audit   'postgres-date': [ '1.0.7' ],
105 silly audit   'postgres-interval': [ '1.2.0' ],
105 silly audit   split2: [ '4.2.0' ],
105 silly audit   xtend: [ '4.0.2' ]
105 silly audit }
106 silly tarball no local data for xtend@https://registry.npmjs.org/xtend/-/xtend-4.0.2.tgz. Extracting by manifest.
107 silly tarball no local data for split2@https://registry.npmjs.org/split2/-/split2-4.2.0.tgz. Extracting by manifest.
108 silly tarball no local data for postgres-interval@https://registry.npmjs.org/postgres-interval/-/postgres-interval-1.2.0.tgz. Extracting by manifest.
109 silly tarball no local data for pg-int8@https://registry.npmjs.org/pg-int8/-/pg-int8-1.0.1.tgz. Extracting by manifest.
110 silly tarball no local data for pgpass@https://registry.npmjs.org/pgpass/-/pgpass-1.0.5.tgz. Extracting by manifest.
111 silly tarball no local data for postgres-date@https://registry.npmjs.org/postgres-date/-/postgres-date-1.0.7.tgz. Extracting by manifest.
112 silly tarball no local data for postgres-bytea@https://registry.npmjs.org/postgres-bytea/-/postgres-bytea-1.0.0.tgz. Extracting by manifest.
113 silly tarball no local data for pg-protocol@https://registry.npmjs.org/pg-protocol/-/pg-protocol-1.6.1.tgz. Extracting by manifest.
114 silly tarball no local data for pg-types@https://registry.npmjs.org/pg-types/-/pg-types-2.2.0.tgz. Extracting by manifest.
115 silly tarball no local data for postgres-array@https://registry.npmjs.org/postgres-array/-/postgres-array-2.0.0.tgz. Extracting by manifest.
116 silly tarball no local data for pg-connection-string@https://registry.npmjs.org/pg-connection-string/-/pg-connection-string-2.6.4.tgz. Extracting by manifest.
117 silly tarball no local data for pg@https://registry.npmjs.org/pg/-/pg-8.11.5.tgz. Extracting by manifest.
118 silly tarball no local data for pg-pool@https://registry.npmjs.org/pg-pool/-/pg-pool-3.6.2.tgz. Extracting by manifest.
119 silly tarball no local data for pg-cloudflare@https://registry.npmjs.org/pg-cloudflare/-/pg-cloudflare-1.1.1.tgz. Extracting by manifest.
120 http fetch GET 200 https://registry.npmjs.org/pg-int8/-/pg-int8-1.0.1.tgz 59ms (cache miss)
121 timing reifyNode:node_modules/pg-int8 Completed in 70ms
122 http fetch GET 200 https://registry.npmjs.org/split2/-/split2-4.2.0.tgz 62ms (cache miss)
123 timing reifyNode:node_modules/split2 Completed in 73ms
124 http fetch GET 200 https://registry.npmjs.org/xtend/-/xtend-4.0.2.tgz 63ms (cache miss)
125 timing reifyNode:node_modules/xtend Completed in 73ms
126 http fetch GET 200 https://registry.npmjs.org/postgres-interval/-/postgres-interval-1.2.0.tgz 63ms (cache miss)
127 timing reifyNode:node_modules/postgres-interval Completed in 74ms
128 http fetch GET 200 https://registry.npmjs.org/pgpass/-/pgpass-1.0.5.tgz 63ms (cache miss)
129 timing reifyNode:node_modules/pgpass Completed in 74ms
130 http fetch GET 200 https://registry.npmjs.org/postgres-bytea/-/postgres-bytea-1.0.0.tgz 107ms (cache miss)
131 timing reifyNode:node_modules/postgres-bytea Completed in 120ms
132 http fetch GET 200 https://registry.npmjs.org/postgres-date/-/postgres-date-1.0.7.tgz 109ms (cache miss)
133 timing reifyNode:node_modules/postgres-date Completed in 123ms
134 http fetch GET 200 https://registry.npmjs.org/pg-connection-string/-/pg-connection-string-2.6.4.tgz 108ms (cache miss)
135 timing reifyNode:node_modules/pg-connection-string Completed in 123ms
136 http fetch GET 200 https://registry.npmjs.org/postgres-array/-/postgres-array-2.0.0.tgz 112ms (cache miss)
137 timing reifyNode:node_modules/postgres-array Completed in 128ms
138 http fetch GET 200 https://registry.npmjs.org/pg-cloudflare/-/pg-cloudflare-1.1.1.tgz 112ms (cache miss)
139 timing reifyNode:node_modules/pg-cloudflare Completed in 134ms
140 http fetch GET 200 https://registry.npmjs.org/pg-types/-/pg-types-2.2.0.tgz 133ms (cache miss)
141 timing reifyNode:node_modules/pg-types Completed in 147ms
142 http fetch GET 200 https://registry.npmjs.org/pg-pool/-/pg-pool-3.6.2.tgz 138ms (cache miss)
143 timing reifyNode:node_modules/pg-pool Completed in 155ms
144 http fetch GET 200 https://registry.npmjs.org/pg/-/pg-8.11.5.tgz 138ms (cache miss)
145 timing reifyNode:node_modules/pg Completed in 155ms
146 http fetch POST 200 https://registry.npmjs.org/-/npm/v1/security/advisories/bulk 174ms
147 timing auditReport:getReport Completed in 176ms
148 silly audit report {}
149 timing auditReport:init Completed in 0ms
150 timing reify:audit Completed in 177ms
151 http fetch GET 200 https://registry.npmjs.org/pg-protocol/-/pg-protocol-1.6.1.tgz 161ms (cache miss)
152 timing reifyNode:node_modules/pg-protocol Completed in 175ms
153 timing reify:unpack Completed in 176ms
154 timing reify:unretire Completed in 0ms
155 timing build:queue Completed in 0ms
156 timing build:deps Completed in 1ms
157 timing build Completed in 1ms
158 timing reify:build Completed in 2ms
159 timing reify:trash Completed in 0ms
160 timing reify:save Completed in 19ms
161 timing reify Completed in 662ms
162 silly ADD node_modules/xtend
163 silly ADD node_modules/split2
164 silly ADD node_modules/postgres-interval
165 silly ADD node_modules/postgres-date
166 silly ADD node_modules/postgres-bytea
167 silly ADD node_modules/postgres-array
168 silly ADD node_modules/pg-int8
169 silly ADD node_modules/pgpass
170 silly ADD node_modules/pg-types
171 silly ADD node_modules/pg-protocol
172 silly ADD node_modules/pg-pool
173 silly ADD node_modules/pg-connection-string
174 silly ADD node_modules/pg-cloudflare
175 silly ADD node_modules/pg
176 timing command:install Completed in 671ms
177 verbose exit 0
178 timing npm Completed in 701ms
179 info ok
